[WARN]2022-06-28 08:38:50,442 - HikariPool-5 - Thread starvation or clock leap detected (housekeeper delta=14h59m18s908ms35µs400ns).
[INFO]2022-06-28 08:43:36,518 - HikariPool-5 - Shutdown initiated...
[INFO]2022-06-28 08:43:36,545 - HikariPool-5 - Shutdown completed.
[INFO]2022-06-28 08:43:37,726 - Starting TravelSystemApplication using Java 1.8.0_331 on LAPTOP-B2G26RDR with PID 29144 (C:\Users\黄月婷\Desktop\计科实习\travelSystem\target\classes started by 黄月婷 in C:\Users\黄月婷\Desktop\计科实习\travelSystem)
[INFO]2022-06-28 08:43:37,726 - No active profile set, falling back to 1 default profile: "default"
[INFO]2022-06-28 08:43:38,606 - Tomcat initialized with port(s): 8081 (http)
[INFO]2022-06-28 08:43:38,607 - Initializing ProtocolHandler ["http-nio-8081"]
[INFO]2022-06-28 08:43:38,607 - Starting service [Tomcat]
[INFO]2022-06-28 08:43:38,607 - Starting Servlet engine: [Apache Tomcat/9.0.63]
[INFO]2022-06-28 08:43:38,650 - Initializing Spring embedded WebApplicationContext
[INFO]2022-06-28 08:43:38,651 - Root WebApplicationContext: initialization completed in 919 ms
[INFO]2022-06-28 08:43:39,242 - LiveReload server is running on port 35729
[INFO]2022-06-28 08:43:39,255 - Starting ProtocolHandler ["http-nio-8081"]
[INFO]2022-06-28 08:43:39,259 - Tomcat started on port(s): 8081 (http) with context path ''
[INFO]2022-06-28 08:43:39,268 - Started TravelSystemApplication in 1.611 seconds (JVM running for 60231.787)
[INFO]2022-06-28 08:43:39,270 - Condition evaluation unchanged
[INFO]2022-06-28 08:44:58,721 - Starting TravelSystemApplication using Java 1.8.0_331 on LAPTOP-B2G26RDR with PID 29144 (C:\Users\黄月婷\Desktop\计科实习\travelSystem\target\classes started by 黄月婷 in C:\Users\黄月婷\Desktop\计科实习\travelSystem)
[INFO]2022-06-28 08:44:58,722 - No active profile set, falling back to 1 default profile: "default"
[WARN]2022-06-28 08:44:59,167 - Exception encountered during context initialization - cancelling refresh attempt: org.springframework.beans.factory.BeanCreationException: Error creating bean with name 'projectingArgumentResolverBeanPostProcessor' defined in class path resource [org/springframework/data/web/config/ProjectingArgumentResolverRegistrar.class]: BeanPostProcessor before instantiation of bean failed; nested exception is org.springframework.beans.factory.BeanCreationException: Error creating bean with name 'org.springframework.transaction.annotation.ProxyTransactionManagementConfiguration': Initialization of bean failed; nested exception is java.lang.IllegalArgumentException: warning no match for this type name: com.cqu.travelsystem.controller.UserController [Xlint:invalidAbsoluteTypeName]
[ERROR]2022-06-28 08:44:59,186 - Application run failed
org.springframework.beans.factory.BeanCreationException: Error creating bean with name 'projectingArgumentResolverBeanPostProcessor' defined in class path resource [org/springframework/data/web/config/ProjectingArgumentResolverRegistrar.class]: BeanPostProcessor before instantiation of bean failed; nested exception is org.springframework.beans.factory.BeanCreationException: Error creating bean with name 'org.springframework.transaction.annotation.ProxyTransactionManagementConfiguration': Initialization of bean failed; nested exception is java.lang.IllegalArgumentException: warning no match for this type name: com.cqu.travelsystem.controller.UserController [Xlint:invalidAbsoluteTypeName]
	at org.springframework.beans.factory.support.AbstractAutowireCapableBeanFactory.createBean(AbstractAutowireCapableBeanFactory.java:537)
	at org.springframework.beans.factory.support.AbstractBeanFactory.lambda$doGetBean$0(AbstractBeanFactory.java:335)
	at org.springframework.beans.factory.support.DefaultSingletonBeanRegistry.getSingleton(DefaultSingletonBeanRegistry.java:234)
	at org.springframework.beans.factory.support.AbstractBeanFactory.doGetBean(AbstractBeanFactory.java:333)
	at org.springframework.beans.factory.support.AbstractBeanFactory.getBean(AbstractBeanFactory.java:213)
	at org.springframework.context.support.PostProcessorRegistrationDelegate.registerBeanPostProcessors(PostProcessorRegistrationDelegate.java:270)
	at org.springframework.context.support.AbstractApplicationContext.registerBeanPostProcessors(AbstractApplicationContext.java:762)
	at org.springframework.context.support.AbstractApplicationContext.refresh(AbstractApplicationContext.java:567)
	at org.springframework.boot.web.servlet.context.ServletWebServerApplicationContext.refresh(ServletWebServerApplicationContext.java:147)
	at org.springframework.boot.SpringApplication.refresh(SpringApplication.java:734)
	at org.springframework.boot.SpringApplication.refreshContext(SpringApplication.java:408)
	at org.springframework.boot.SpringApplication.run(SpringApplication.java:308)
	at org.springframework.boot.SpringApplication.run(SpringApplication.java:1306)
	at org.springframework.boot.SpringApplication.run(SpringApplication.java:1295)
	at com.cqu.travelsystem.TravelSystemApplication.main(TravelSystemApplication.java:12)
	at sun.reflect.NativeMethodAccessorImpl.invoke0(Native Method)
	at sun.reflect.NativeMethodAccessorImpl.invoke(NativeMethodAccessorImpl.java:62)
	at sun.reflect.DelegatingMethodAccessorImpl.invoke(DelegatingMethodAccessorImpl.java:43)
	at java.lang.reflect.Method.invoke(Method.java:498)
	at org.springframework.boot.devtools.restart.RestartLauncher.run(RestartLauncher.java:49)
Caused by: org.springframework.beans.factory.BeanCreationException: Error creating bean with name 'org.springframework.transaction.annotation.ProxyTransactionManagementConfiguration': Initialization of bean failed; nested exception is java.lang.IllegalArgumentException: warning no match for this type name: com.cqu.travelsystem.controller.UserController [Xlint:invalidAbsoluteTypeName]
	at org.springframework.beans.factory.support.AbstractAutowireCapableBeanFactory.doCreateBean(AbstractAutowireCapableBeanFactory.java:628)
	at org.springframework.beans.factory.support.AbstractAutowireCapableBeanFactory.createBean(AbstractAutowireCapableBeanFactory.java:542)
	at org.springframework.beans.factory.support.AbstractBeanFactory.lambda$doGetBean$0(AbstractBeanFactory.java:335)
	at org.springframework.beans.factory.support.DefaultSingletonBeanRegistry.getSingleton(DefaultSingletonBeanRegistry.java:234)
	at org.springframework.beans.factory.support.AbstractBeanFactory.doGetBean(AbstractBeanFactory.java:333)
	at org.springframework.beans.factory.support.AbstractBeanFactory.getBean(AbstractBeanFactory.java:208)
	at org.springframework.beans.factory.support.ConstructorResolver.instantiateUsingFactoryMethod(ConstructorResolver.java:410)
	at org.springframework.beans.factory.support.AbstractAutowireCapableBeanFactory.instantiateUsingFactoryMethod(AbstractAutowireCapableBeanFactory.java:1352)
	at org.springframework.beans.factory.support.AbstractAutowireCapableBeanFactory.createBeanInstance(AbstractAutowireCapableBeanFactory.java:1195)
	at org.springframework.beans.factory.support.AbstractAutowireCapableBeanFactory.doCreateBean(AbstractAutowireCapableBeanFactory.java:582)
	at org.springframework.beans.factory.support.AbstractAutowireCapableBeanFactory.createBean(AbstractAutowireCapableBeanFactory.java:542)
	at org.springframework.beans.factory.support.AbstractBeanFactory.lambda$doGetBean$0(AbstractBeanFactory.java:335)
	at org.springframework.beans.factory.support.DefaultSingletonBeanRegistry.getSingleton(DefaultSingletonBeanRegistry.java:234)
	at org.springframework.beans.factory.support.AbstractBeanFactory.doGetBean(AbstractBeanFactory.java:333)
	at org.springframework.beans.factory.support.AbstractBeanFactory.getBean(AbstractBeanFactory.java:213)
	at org.springframework.aop.framework.autoproxy.BeanFactoryAdvisorRetrievalHelper.findAdvisorBeans(BeanFactoryAdvisorRetrievalHelper.java:91)
	at org.springframework.aop.framework.autoproxy.AbstractAdvisorAutoProxyCreator.findCandidateAdvisors(AbstractAdvisorAutoProxyCreator.java:111)
	at org.springframework.aop.aspectj.annotation.AnnotationAwareAspectJAutoProxyCreator.findCandidateAdvisors(AnnotationAwareAspectJAutoProxyCreator.java:92)
	at org.springframework.aop.aspectj.autoproxy.AspectJAwareAdvisorAutoProxyCreator.shouldSkip(AspectJAwareAdvisorAutoProxyCreator.java:101)
	at org.springframework.aop.framework.autoproxy.AbstractAutoProxyCreator.postProcessBeforeInstantiation(AbstractAutoProxyCreator.java:255)
	at org.springframework.beans.factory.support.AbstractAutowireCapableBeanFactory.applyBeanPostProcessorsBeforeInstantiation(AbstractAutowireCapableBeanFactory.java:1160)
	at org.springframework.beans.factory.support.AbstractAutowireCapableBeanFactory.resolveBeforeInstantiation(AbstractAutowireCapableBeanFactory.java:1135)
	at org.springframework.beans.factory.support.AbstractAutowireCapableBeanFactory.createBean(AbstractAutowireCapableBeanFactory.java:531)
	... 19 common frames omitted
Caused by: java.lang.IllegalArgumentException: warning no match for this type name: com.cqu.travelsystem.controller.UserController [Xlint:invalidAbsoluteTypeName]
	at org.aspectj.weaver.tools.PointcutParser.parsePointcutExpression(PointcutParser.java:319)
	at org.springframework.aop.aspectj.AspectJExpressionPointcut.buildPointcutExpression(AspectJExpressionPointcut.java:227)
	at org.springframework.aop.aspectj.AspectJExpressionPointcut.obtainPointcutExpression(AspectJExpressionPointcut.java:198)
	at org.springframework.aop.aspectj.AspectJExpressionPointcut.getClassFilter(AspectJExpressionPointcut.java:177)
	at org.springframework.aop.support.AopUtils.canApply(AopUtils.java:226)
	at org.springframework.aop.support.AopUtils.canApply(AopUtils.java:289)
	at org.springframework.aop.support.AopUtils.findAdvisorsThatCanApply(AopUtils.java:321)
	at org.springframework.aop.framework.autoproxy.AbstractAdvisorAutoProxyCreator.findAdvisorsThatCanApply(AbstractAdvisorAutoProxyCreator.java:128)
	at org.springframework.aop.framework.autoproxy.AbstractAdvisorAutoProxyCreator.findEligibleAdvisors(AbstractAdvisorAutoProxyCreator.java:97)
	at org.springframework.aop.framework.autoproxy.AbstractAdvisorAutoProxyCreator.getAdvicesAndAdvisorsForBean(AbstractAdvisorAutoProxyCreator.java:78)
	at org.springframework.aop.framework.autoproxy.AbstractAutoProxyCreator.wrapIfNecessary(AbstractAutoProxyCreator.java:341)
	at org.springframework.aop.framework.autoproxy.AbstractAutoProxyCreator.postProcessAfterInitialization(AbstractAutoProxyCreator.java:293)
	at org.springframework.beans.factory.support.AbstractAutowireCapableBeanFactory.applyBeanPostProcessorsAfterInitialization(AbstractAutowireCapableBeanFactory.java:455)
	at org.springframework.beans.factory.support.AbstractAutowireCapableBeanFactory.initializeBean(AbstractAutowireCapableBeanFactory.java:1808)
	at org.springframework.beans.factory.support.AbstractAutowireCapableBeanFactory.doCreateBean(AbstractAutowireCapableBeanFactory.java:620)
	... 41 common frames omitted
[INFO]2022-06-28 08:45:00,912 - Starting TravelSystemApplication using Java 1.8.0_331 on LAPTOP-B2G26RDR with PID 29144 (C:\Users\黄月婷\Desktop\计科实习\travelSystem\target\classes started by 黄月婷 in C:\Users\黄月婷\Desktop\计科实习\travelSystem)
[INFO]2022-06-28 08:45:00,912 - No active profile set, falling back to 1 default profile: "default"
[INFO]2022-06-28 08:45:01,372 - Tomcat initialized with port(s): 8081 (http)
[INFO]2022-06-28 08:45:01,373 - Initializing ProtocolHandler ["http-nio-8081"]
[INFO]2022-06-28 08:45:01,373 - Starting service [Tomcat]
[INFO]2022-06-28 08:45:01,373 - Starting Servlet engine: [Apache Tomcat/9.0.63]
[INFO]2022-06-28 08:45:01,412 - Initializing Spring embedded WebApplicationContext
[INFO]2022-06-28 08:45:01,412 - Root WebApplicationContext: initialization completed in 496 ms
[INFO]2022-06-28 08:45:01,866 - LiveReload server is running on port 35729
[INFO]2022-06-28 08:45:01,877 - Starting ProtocolHandler ["http-nio-8081"]
[INFO]2022-06-28 08:45:01,879 - Tomcat started on port(s): 8081 (http) with context path ''
[INFO]2022-06-28 08:45:01,890 - Started TravelSystemApplication in 1.025 seconds (JVM running for 60314.408)
[INFO]2022-06-28 08:45:01,891 - Condition evaluation unchanged
[INFO]2022-06-28 08:47:40,115 - Starting TravelSystemApplication using Java 1.8.0_331 on LAPTOP-B2G26RDR with PID 29144 (C:\Users\黄月婷\Desktop\计科实习\travelSystem\target\classes started by 黄月婷 in C:\Users\黄月婷\Desktop\计科实习\travelSystem)
[INFO]2022-06-28 08:47:40,116 - No active profile set, falling back to 1 default profile: "default"
[WARN]2022-06-28 08:47:40,468 - Exception encountered during context initialization - cancelling refresh attempt: org.springframework.beans.factory.BeanDefinitionStoreException: Failed to parse configuration class [com.cqu.travelsystem.TravelSystemApplication]; nested exception is java.io.FileNotFoundException: class path resource [com/cqu/travelsystem/service/EmergencyService.class] cannot be opened because it does not exist
[ERROR]2022-06-28 08:47:40,486 - Application run failed
org.springframework.beans.factory.BeanDefinitionStoreException: Failed to parse configuration class [com.cqu.travelsystem.TravelSystemApplication]; nested exception is java.io.FileNotFoundException: class path resource [com/cqu/travelsystem/service/EmergencyService.class] cannot be opened because it does not exist
	at org.springframework.context.annotation.ConfigurationClassParser.parse(ConfigurationClassParser.java:189)
	at org.springframework.context.annotation.ConfigurationClassPostProcessor.processConfigBeanDefinitions(ConfigurationClassPostProcessor.java:331)
	at org.springframework.context.annotation.ConfigurationClassPostProcessor.postProcessBeanDefinitionRegistry(ConfigurationClassPostProcessor.java:247)
	at org.springframework.context.support.PostProcessorRegistrationDelegate.invokeBeanDefinitionRegistryPostProcessors(PostProcessorRegistrationDelegate.java:311)
	at org.springframework.context.support.PostProcessorRegistrationDelegate.invokeBeanFactoryPostProcessors(PostProcessorRegistrationDelegate.java:112)
	at org.springframework.context.support.AbstractApplicationContext.invokeBeanFactoryPostProcessors(AbstractApplicationContext.java:746)
	at org.springframework.context.support.AbstractApplicationContext.refresh(AbstractApplicationContext.java:564)
	at org.springframework.boot.web.servlet.context.ServletWebServerApplicationContext.refresh(ServletWebServerApplicationContext.java:147)
	at org.springframework.boot.SpringApplication.refresh(SpringApplication.java:734)
	at org.springframework.boot.SpringApplication.refreshContext(SpringApplication.java:408)
	at org.springframework.boot.SpringApplication.run(SpringApplication.java:308)
	at org.springframework.boot.SpringApplication.run(SpringApplication.java:1306)
	at org.springframework.boot.SpringApplication.run(SpringApplication.java:1295)
	at com.cqu.travelsystem.TravelSystemApplication.main(TravelSystemApplication.java:12)
	at sun.reflect.NativeMethodAccessorImpl.invoke0(Native Method)
	at sun.reflect.NativeMethodAccessorImpl.invoke(NativeMethodAccessorImpl.java:62)
	at sun.reflect.DelegatingMethodAccessorImpl.invoke(DelegatingMethodAccessorImpl.java:43)
	at java.lang.reflect.Method.invoke(Method.java:498)
	at org.springframework.boot.devtools.restart.RestartLauncher.run(RestartLauncher.java:49)
Caused by: java.io.FileNotFoundException: class path resource [com/cqu/travelsystem/service/EmergencyService.class] cannot be opened because it does not exist
	at org.springframework.core.io.ClassPathResource.getInputStream(ClassPathResource.java:199)
	at org.springframework.core.type.classreading.SimpleMetadataReader.getClassReader(SimpleMetadataReader.java:55)
	at org.springframework.core.type.classreading.SimpleMetadataReader.<init>(SimpleMetadataReader.java:49)
	at org.springframework.core.type.classreading.SimpleMetadataReaderFactory.getMetadataReader(SimpleMetadataReaderFactory.java:103)
	at org.springframework.boot.type.classreading.ConcurrentReferenceCachingMetadataReaderFactory.createMetadataReader(ConcurrentReferenceCachingMetadataReaderFactory.java:86)
	at org.springframework.boot.type.classreading.ConcurrentReferenceCachingMetadataReaderFactory.getMetadataReader(ConcurrentReferenceCachingMetadataReaderFactory.java:73)
	at org.springframework.core.type.classreading.SimpleMetadataReaderFactory.getMetadataReader(SimpleMetadataReaderFactory.java:81)
	at org.springframework.context.annotation.ConfigurationClassParser.asSourceClass(ConfigurationClassParser.java:696)
	at org.springframework.context.annotation.ConfigurationClassParser$SourceClass.getInterfaces(ConfigurationClassParser.java:1024)
	at org.springframework.context.annotation.ConfigurationClassParser.processInterfaces(ConfigurationClassParser.java:386)
	at org.springframework.context.annotation.ConfigurationClassParser.doProcessConfigurationClass(ConfigurationClassParser.java:332)
	at org.springframework.context.annotation.ConfigurationClassParser.processConfigurationClass(ConfigurationClassParser.java:250)
	at org.springframework.context.annotation.ConfigurationClassParser.parse(ConfigurationClassParser.java:199)
	at org.springframework.context.annotation.ConfigurationClassParser.doProcessConfigurationClass(ConfigurationClassParser.java:304)
	at org.springframework.context.annotation.ConfigurationClassParser.processConfigurationClass(ConfigurationClassParser.java:250)
	at org.springframework.context.annotation.ConfigurationClassParser.parse(ConfigurationClassParser.java:207)
	at org.springframework.context.annotation.ConfigurationClassParser.parse(ConfigurationClassParser.java:175)
	... 18 common frames omitted
[INFO]2022-06-28 08:48:11,135 - Starting TravelSystemApplication using Java 1.8.0_331 on LAPTOP-B2G26RDR with PID 29144 (C:\Users\黄月婷\Desktop\计科实习\travelSystem\target\classes started by 黄月婷 in C:\Users\黄月婷\Desktop\计科实习\travelSystem)
[INFO]2022-06-28 08:48:11,136 - No active profile set, falling back to 1 default profile: "default"
[INFO]2022-06-28 08:48:14,071 - Tomcat initialized with port(s): 8081 (http)
[INFO]2022-06-28 08:48:14,071 - Initializing ProtocolHandler ["http-nio-8081"]
[INFO]2022-06-28 08:48:14,072 - Starting service [Tomcat]
[INFO]2022-06-28 08:48:14,072 - Starting Servlet engine: [Apache Tomcat/9.0.63]
[INFO]2022-06-28 08:48:15,564 - Initializing Spring embedded WebApplicationContext
[INFO]2022-06-28 08:48:15,564 - Root WebApplicationContext: initialization completed in 4422 ms
[WARN]2022-06-28 08:48:16,284 - Exception encountered during context initialization - cancelling refresh attempt: org.springframework.beans.factory.BeanCreationException: Error creating bean with name 'emergencyController': Injection of resource dependencies failed; nested exception is org.springframework.beans.factory.NoSuchBeanDefinitionException: No qualifying bean of type 'com.cqu.travelsystem.service.EmergencyService' available: expected at least 1 bean which qualifies as autowire candidate. Dependency annotations: {@javax.annotation.Resource(shareable=true, lookup=, name=, description=, authenticationType=CONTAINER, type=class java.lang.Object, mappedName=)}
[INFO]2022-06-28 08:48:16,285 - Stopping service [Tomcat]
[ERROR]2022-06-28 08:48:16,546 - 

***************************
APPLICATION FAILED TO START
***************************

Description:

A component required a bean of type 'com.cqu.travelsystem.service.EmergencyService' that could not be found.


Action:

Consider defining a bean of type 'com.cqu.travelsystem.service.EmergencyService' in your configuration.

[INFO]2022-06-28 08:49:46,451 - Starting TravelSystemApplication using Java 1.8.0_331 on LAPTOP-B2G26RDR with PID 29144 (C:\Users\黄月婷\Desktop\计科实习\travelSystem\target\classes started by 黄月婷 in C:\Users\黄月婷\Desktop\计科实习\travelSystem)
[INFO]2022-06-28 08:49:46,452 - No active profile set, falling back to 1 default profile: "default"
[WARN]2022-06-28 08:49:47,024 - Exception encountered during context initialization - cancelling refresh attempt: org.springframework.beans.factory.BeanDefinitionStoreException: Failed to parse configuration class [com.cqu.travelsystem.TravelSystemApplication]; nested exception is java.io.FileNotFoundException: class path resource [com/cqu/travelsystem/service/TripEventService.class] cannot be opened because it does not exist
[ERROR]2022-06-28 08:49:47,100 - Application run failed
org.springframework.beans.factory.BeanDefinitionStoreException: Failed to parse configuration class [com.cqu.travelsystem.TravelSystemApplication]; nested exception is java.io.FileNotFoundException: class path resource [com/cqu/travelsystem/service/TripEventService.class] cannot be opened because it does not exist
	at org.springframework.context.annotation.ConfigurationClassParser.parse(ConfigurationClassParser.java:189)
	at org.springframework.context.annotation.ConfigurationClassPostProcessor.processConfigBeanDefinitions(ConfigurationClassPostProcessor.java:331)
	at org.springframework.context.annotation.ConfigurationClassPostProcessor.postProcessBeanDefinitionRegistry(ConfigurationClassPostProcessor.java:247)
	at org.springframework.context.support.PostProcessorRegistrationDelegate.invokeBeanDefinitionRegistryPostProcessors(PostProcessorRegistrationDelegate.java:311)
	at org.springframework.context.support.PostProcessorRegistrationDelegate.invokeBeanFactoryPostProcessors(PostProcessorRegistrationDelegate.java:112)
	at org.springframework.context.support.AbstractApplicationContext.invokeBeanFactoryPostProcessors(AbstractApplicationContext.java:746)
	at org.springframework.context.support.AbstractApplicationContext.refresh(AbstractApplicationContext.java:564)
	at org.springframework.boot.web.servlet.context.ServletWebServerApplicationContext.refresh(ServletWebServerApplicationContext.java:147)
	at org.springframework.boot.SpringApplication.refresh(SpringApplication.java:734)
	at org.springframework.boot.SpringApplication.refreshContext(SpringApplication.java:408)
	at org.springframework.boot.SpringApplication.run(SpringApplication.java:308)
	at org.springframework.boot.SpringApplication.run(SpringApplication.java:1306)
	at org.springframework.boot.SpringApplication.run(SpringApplication.java:1295)
	at com.cqu.travelsystem.TravelSystemApplication.main(TravelSystemApplication.java:12)
	at sun.reflect.NativeMethodAccessorImpl.invoke0(Native Method)
	at sun.reflect.NativeMethodAccessorImpl.invoke(NativeMethodAccessorImpl.java:62)
	at sun.reflect.DelegatingMethodAccessorImpl.invoke(DelegatingMethodAccessorImpl.java:43)
	at java.lang.reflect.Method.invoke(Method.java:498)
	at org.springframework.boot.devtools.restart.RestartLauncher.run(RestartLauncher.java:49)
Caused by: java.io.FileNotFoundException: class path resource [com/cqu/travelsystem/service/TripEventService.class] cannot be opened because it does not exist
	at org.springframework.core.io.ClassPathResource.getInputStream(ClassPathResource.java:199)
	at org.springframework.core.type.classreading.SimpleMetadataReader.getClassReader(SimpleMetadataReader.java:55)
	at org.springframework.core.type.classreading.SimpleMetadataReader.<init>(SimpleMetadataReader.java:49)
	at org.springframework.core.type.classreading.SimpleMetadataReaderFactory.getMetadataReader(SimpleMetadataReaderFactory.java:103)
	at org.springframework.boot.type.classreading.ConcurrentReferenceCachingMetadataReaderFactory.createMetadataReader(ConcurrentReferenceCachingMetadataReaderFactory.java:86)
	at org.springframework.boot.type.classreading.ConcurrentReferenceCachingMetadataReaderFactory.getMetadataReader(ConcurrentReferenceCachingMetadataReaderFactory.java:73)
	at org.springframework.core.type.classreading.SimpleMetadataReaderFactory.getMetadataReader(SimpleMetadataReaderFactory.java:81)
	at org.springframework.context.annotation.ConfigurationClassParser.asSourceClass(ConfigurationClassParser.java:696)
	at org.springframework.context.annotation.ConfigurationClassParser$SourceClass.getInterfaces(ConfigurationClassParser.java:1024)
	at org.springframework.context.annotation.ConfigurationClassParser.processInterfaces(ConfigurationClassParser.java:386)
	at org.springframework.context.annotation.ConfigurationClassParser.doProcessConfigurationClass(ConfigurationClassParser.java:332)
	at org.springframework.context.annotation.ConfigurationClassParser.processConfigurationClass(ConfigurationClassParser.java:250)
	at org.springframework.context.annotation.ConfigurationClassParser.parse(ConfigurationClassParser.java:199)
	at org.springframework.context.annotation.ConfigurationClassParser.doProcessConfigurationClass(ConfigurationClassParser.java:304)
	at org.springframework.context.annotation.ConfigurationClassParser.processConfigurationClass(ConfigurationClassParser.java:250)
	at org.springframework.context.annotation.ConfigurationClassParser.parse(ConfigurationClassParser.java:207)
	at org.springframework.context.annotation.ConfigurationClassParser.parse(ConfigurationClassParser.java:175)
	... 18 common frames omitted
[INFO]2022-06-28 08:50:51,724 - Starting TravelSystemApplication using Java 1.8.0_331 on LAPTOP-B2G26RDR with PID 540 (C:\Users\黄月婷\Desktop\计科实习\travelSystem\target\classes started by 黄月婷 in C:\Users\黄月婷\Desktop\计科实习\travelSystem)
[INFO]2022-06-28 08:50:51,726 - No active profile set, falling back to 1 default profile: "default"
[INFO]2022-06-28 08:50:51,878 - Devtools property defaults active! Set 'spring.devtools.add-properties' to 'false' to disable
[INFO]2022-06-28 08:50:51,878 - For additional web related logging consider setting the 'logging.level.web' property to 'DEBUG'
[INFO]2022-06-28 08:50:57,572 - Tomcat initialized with port(s): 8081 (http)
[INFO]2022-06-28 08:50:57,595 - Initializing ProtocolHandler ["http-nio-8081"]
[INFO]2022-06-28 08:50:57,597 - Starting service [Tomcat]
[INFO]2022-06-28 08:50:57,597 - Starting Servlet engine: [Apache Tomcat/9.0.63]
[INFO]2022-06-28 08:51:00,439 - Initializing Spring embedded WebApplicationContext
[INFO]2022-06-28 08:51:00,441 - Root WebApplicationContext: initialization completed in 8562 ms
[INFO]2022-06-28 08:51:04,400 - LiveReload server is running on port 35729
[INFO]2022-06-28 08:51:04,452 - Starting ProtocolHandler ["http-nio-8081"]
[INFO]2022-06-28 08:51:04,499 - Tomcat started on port(s): 8081 (http) with context path ''
[INFO]2022-06-28 08:51:04,604 - Started TravelSystemApplication in 14.678 seconds (JVM running for 23.978)
[INFO]2022-06-28 08:51:21,498 - Initializing Spring DispatcherServlet 'dispatcherServlet'
[INFO]2022-06-28 08:51:21,499 - Initializing Servlet 'dispatcherServlet'
[INFO]2022-06-28 08:51:21,501 - Completed initialization in 2 ms
[INFO]2022-06-28 08:51:21,657 - HikariPool-1 - Starting...
[INFO]2022-06-28 08:51:22,124 - HikariPool-1 - Start completed.
[WARN]2022-06-28 14:55:10,246 - HikariPool-1 - Thread starvation or clock leap detected (housekeeper delta=3h25m52s7ms256µs800ns).
[INFO]2022-06-28 17:38:05,939 - Starting TravelSystemApplication using Java 1.8.0_302 on DESKTOP-8BP6SR5 with PID 23624 (D:\Study\2022Spring\实训\旅游综合管理系统\travelSystem\target\classes started by Autumn in D:\Study\2022Spring\实训\旅游综合管理系统\travelSystem)
[INFO]2022-06-28 17:38:05,939 - No active profile set, falling back to 1 default profile: "default"
[INFO]2022-06-28 17:38:06,012 - Devtools property defaults active! Set 'spring.devtools.add-properties' to 'false' to disable
[INFO]2022-06-28 17:38:06,012 - For additional web related logging consider setting the 'logging.level.web' property to 'DEBUG'
[INFO]2022-06-28 17:38:08,490 - Tomcat initialized with port(s): 8081 (http)
[INFO]2022-06-28 17:38:08,506 - Initializing ProtocolHandler ["http-nio-8081"]
[INFO]2022-06-28 17:38:08,506 - Starting service [Tomcat]
[INFO]2022-06-28 17:38:08,506 - Starting Servlet engine: [Apache Tomcat/9.0.63]
[INFO]2022-06-28 17:38:08,622 - Initializing Spring embedded WebApplicationContext
[INFO]2022-06-28 17:38:08,622 - Root WebApplicationContext: initialization completed in 2610 ms
[INFO]2022-06-28 17:38:10,176 - LiveReload server is running on port 35729
[INFO]2022-06-28 17:38:10,208 - Starting ProtocolHandler ["http-nio-8081"]
[INFO]2022-06-28 17:38:10,225 - Tomcat started on port(s): 8081 (http) with context path ''
[INFO]2022-06-28 17:38:10,271 - Started TravelSystemApplication in 5.112 seconds (JVM running for 7.405)
[INFO]2022-06-28 17:38:15,139 - Initializing Spring DispatcherServlet 'dispatcherServlet'
[INFO]2022-06-28 17:38:15,139 - Initializing Servlet 'dispatcherServlet'
[INFO]2022-06-28 17:38:15,139 - Completed initialization in 0 ms
[INFO]2022-06-28 17:38:15,238 - HikariPool-1 - Starting...
[INFO]2022-06-28 17:38:15,423 - HikariPool-1 - Start completed.
[INFO]2022-06-28 17:39:12,115 - HikariPool-1 - Shutdown initiated...
[INFO]2022-06-28 17:39:12,115 - HikariPool-1 - Shutdown completed.
[INFO]2022-06-28 18:45:41,829 - Starting TravelSystemApplication using Java 1.8.0_312 on DESKTOP-P509OL3 with PID 43256 (D:\Courses\senior_3_2\毕业实习\codes\整合\travelSystem\target\classes started by DELL in D:\Courses\senior_3_2\毕业实习\codes\整合\travelSystem)
[INFO]2022-06-28 18:45:41,830 - No active profile set, falling back to 1 default profile: "default"
[INFO]2022-06-28 18:45:41,884 - Devtools property defaults active! Set 'spring.devtools.add-properties' to 'false' to disable
[INFO]2022-06-28 18:45:41,884 - For additional web related logging consider setting the 'logging.level.web' property to 'DEBUG'
[INFO]2022-06-28 18:45:42,954 - Tomcat initialized with port(s): 8081 (http)
[INFO]2022-06-28 18:45:42,963 - Initializing ProtocolHandler ["http-nio-8081"]
[INFO]2022-06-28 18:45:42,964 - Starting service [Tomcat]
[INFO]2022-06-28 18:45:42,964 - Starting Servlet engine: [Apache Tomcat/9.0.63]
[INFO]2022-06-28 18:45:43,027 - Initializing Spring embedded WebApplicationContext
[INFO]2022-06-28 18:45:43,027 - Root WebApplicationContext: initialization completed in 1142 ms
[INFO]2022-06-28 18:45:43,899 - LiveReload server is running on port 35729
[INFO]2022-06-28 18:45:43,913 - Starting ProtocolHandler ["http-nio-8081"]
[INFO]2022-06-28 18:45:43,927 - Tomcat started on port(s): 8081 (http) with context path ''
[INFO]2022-06-28 18:45:43,950 - Started TravelSystemApplication in 2.614 seconds (JVM running for 3.979)
[INFO]2022-06-28 18:45:48,043 - Initializing Spring DispatcherServlet 'dispatcherServlet'
[INFO]2022-06-28 18:45:48,043 - Initializing Servlet 'dispatcherServlet'
[INFO]2022-06-28 18:45:48,045 - Completed initialization in 2 ms
[INFO]2022-06-28 18:45:48,083 - HikariPool-1 - Starting...
[INFO]2022-06-28 18:45:48,202 - HikariPool-1 - Start completed.
[INFO]2022-06-28 18:47:35,310 - HikariPool-1 - Shutdown initiated...
[INFO]2022-06-28 18:47:35,319 - HikariPool-1 - Shutdown completed.
[INFO]2022-06-28 20:35:53,920 - Starting TravelSystemApplication using Java 1.8.0_301 on zhoumingrui with PID 17440 (D:\IDEA_java\travelSystem1\travelSystem\target\classes started by Raymand in D:\IDEA_java\travelSystem1\travelSystem)
[INFO]2022-06-28 20:35:53,922 - No active profile set, falling back to 1 default profile: "default"
[INFO]2022-06-28 20:35:53,976 - Devtools property defaults active! Set 'spring.devtools.add-properties' to 'false' to disable
[INFO]2022-06-28 20:35:53,976 - For additional web related logging consider setting the 'logging.level.web' property to 'DEBUG'
[INFO]2022-06-28 20:35:55,907 - Tomcat initialized with port(s): 8081 (http)
[INFO]2022-06-28 20:35:55,908 - Loaded Apache Tomcat Native library [1.2.31] using APR version [1.7.0].
[INFO]2022-06-28 20:35:55,908 - APR capabilities: IPv6 [true], sendfile [true], accept filters [false], random [true], UDS [true].
[INFO]2022-06-28 20:35:55,908 - APR/OpenSSL configuration: useAprConnector [false], useOpenSSL [true]
[INFO]2022-06-28 20:35:55,928 - OpenSSL successfully initialized [OpenSSL 1.1.1l  24 Aug 2021]
[INFO]2022-06-28 20:35:55,940 - Initializing ProtocolHandler ["http-nio-8081"]
[INFO]2022-06-28 20:35:55,941 - Starting service [Tomcat]
[INFO]2022-06-28 20:35:55,942 - Starting Servlet engine: [Apache Tomcat/9.0.63]
[INFO]2022-06-28 20:35:56,043 - Initializing Spring embedded WebApplicationContext
[INFO]2022-06-28 20:35:56,043 - Root WebApplicationContext: initialization completed in 2066 ms
[INFO]2022-06-28 20:35:57,512 - LiveReload server is running on port 35729
[INFO]2022-06-28 20:35:57,538 - Starting ProtocolHandler ["http-nio-8081"]
[INFO]2022-06-28 20:35:57,559 - Tomcat started on port(s): 8081 (http) with context path ''
[INFO]2022-06-28 20:35:57,592 - Started TravelSystemApplication in 4.286 seconds (JVM running for 5.514)
[INFO]2022-06-28 20:36:06,460 - Initializing Spring DispatcherServlet 'dispatcherServlet'
[INFO]2022-06-28 20:36:06,460 - Initializing Servlet 'dispatcherServlet'
[INFO]2022-06-28 20:36:06,462 - Completed initialization in 2 ms
[INFO]2022-06-28 20:36:06,667 - HikariPool-1 - Starting...
[INFO]2022-06-28 20:36:06,911 - HikariPool-1 - Start completed.
[WARN]2022-06-28 20:36:23,746 - Resolved [com.alibaba.fastjson.JSONException: can not cast to JSONObject.]
